<?xml version="1.0" encoding="UTF-8"?>
<robot generator="Robot 6.0.2 (Python 3.9.13 on win32)" generated="20230729 23:31:39.446" rpa="false" schemaversion="3">
<suite id="s1" name="Tc01 Successful Login" source="C:\Users\nache\PycharmProjects\web_login_robotframework\tests\tc01_successful_login.robot">
<test id="s1-t1" name="Do successful login" line="13">
<kw name="Open the browser with the target URL" library="resources" type="SETUP">
<kw name="Create Webdriver" library="SeleniumLibrary">
<arg>Chrome</arg>
<doc>Creates an instance of Selenium WebDriver.</doc>
<msg timestamp="20230729 23:31:39.656" level="INFO">Creating an instance of the Chrome WebDriver.</msg>
<status status="PASS" starttime="20230729 23:31:39.656" endtime="20230729 23:31:41.217"/>
</kw>
<kw name="Maximize Browser Window" library="SeleniumLibrary">
<doc>Maximizes current browser window.</doc>
<status status="PASS" starttime="20230729 23:31:41.218" endtime="20230729 23:31:41.344"/>
</kw>
<kw name="Go To" library="SeleniumLibrary">
<arg>${URL_Login_Page_Practice}</arg>
<doc>Navigates the current browser window to the provided ``url``.</doc>
<msg timestamp="20230729 23:31:41.346" level="INFO">Opening url 'https://practicetestautomation.com/practice-test-login/'</msg>
<status status="PASS" starttime="20230729 23:31:41.345" endtime="20230729 23:31:43.238"/>
</kw>
<status status="PASS" starttime="20230729 23:31:39.656" endtime="20230729 23:31:43.239"/>
</kw>
<kw name="Fill out the login form" library="resources">
<arg>${Valid_UserName}</arg>
<arg>${Valid_Password}</arg>
<kw name="Clear Element Text" library="SeleniumLibrary">
<arg>${UserName_Locator_ID}</arg>
<doc>Clears the value of the text-input-element identified by ``locator``.</doc>
<status status="PASS" starttime="20230729 23:31:43.239" endtime="20230729 23:31:43.285"/>
</kw>
<kw name="Clear Element Text" library="SeleniumLibrary">
<arg>${Password_Locator_ID}</arg>
<doc>Clears the value of the text-input-element identified by ``locator``.</doc>
<status status="PASS" starttime="20230729 23:31:43.285" endtime="20230729 23:31:43.318"/>
</kw>
<kw name="Input Text" library="SeleniumLibrary">
<arg>${UserName_Locator_ID}</arg>
<arg>${UserName}</arg>
<doc>Types the given ``text`` into the text field identified by ``locator``.</doc>
<msg timestamp="20230729 23:31:43.319" level="INFO">Typing text 'student' into text field 'id:username'.</msg>
<status status="PASS" starttime="20230729 23:31:43.318" endtime="20230729 23:31:43.413"/>
</kw>
<kw name="Input Password" library="SeleniumLibrary">
<arg>${Password_Locator_ID}</arg>
<arg>${Password}</arg>
<doc>Types the given password into the text field identified by ``locator``.</doc>
<msg timestamp="20230729 23:31:43.414" level="INFO">Typing password into text field 'id:password'.</msg>
<msg timestamp="20230729 23:31:43.445" level="INFO">Temporally setting log level to: NONE</msg>
<msg timestamp="20230729 23:31:43.496" level="INFO">Log level changed from NONE to INFO.</msg>
<status status="PASS" starttime="20230729 23:31:43.413" endtime="20230729 23:31:43.496"/>
</kw>
<status status="PASS" starttime="20230729 23:31:43.239" endtime="20230729 23:31:43.497"/>
</kw>
<kw name="Click Submit Button" library="resources">
<kw name="Click Button" library="SeleniumLibrary">
<arg>${Submit_Button_Locator_ID}</arg>
<doc>Clicks the button identified by ``locator``.</doc>
<msg timestamp="20230729 23:31:43.497" level="INFO">Clicking button 'id:submit'.</msg>
<status status="PASS" starttime="20230729 23:31:43.497" endtime="20230729 23:31:44.849"/>
</kw>
<status status="PASS" starttime="20230729 23:31:43.497" endtime="20230729 23:31:44.849"/>
</kw>
<kw name="Get Location" library="SeleniumLibrary">
<var>${Current_URL}</var>
<doc>Returns the current browser window URL.</doc>
<msg timestamp="20230729 23:31:44.854" level="INFO">${Current_URL} = https://practicetestautomation.com/logged-in-successfully/</msg>
<status status="PASS" starttime="20230729 23:31:44.849" endtime="20230729 23:31:44.854"/>
</kw>
<kw name="Verify URL of logged page" library="resources">
<arg>${Current_URL}</arg>
<kw name="Should Contain" library="BuiltIn">
<arg>${Current_URL}</arg>
<arg>${ULR_Logged_Successfully_Path}</arg>
<doc>Fails if ``container`` does not contain ``item`` one or more times.</doc>
<status status="PASS" starttime="20230729 23:31:44.854" endtime="20230729 23:31:44.855"/>
</kw>
<status status="PASS" starttime="20230729 23:31:44.854" endtime="20230729 23:31:44.855"/>
</kw>
<kw name="Wait for element visibility" library="resources">
<arg>${Logged_Successfully_Message}</arg>
<kw name="Wait Until Element Is Visible" library="SeleniumLibrary">
<arg>${Element_Locator}</arg>
<doc>Waits until the element ``locator`` is visible.</doc>
<status status="PASS" starttime="20230729 23:31:44.855" endtime="20230729 23:31:44.882"/>
</kw>
<status status="PASS" starttime="20230729 23:31:44.855" endtime="20230729 23:31:44.882"/>
</kw>
<kw name="Validate successfully logged message" library="resources">
<kw name="Get Text" library="SeleniumLibrary">
<var>${Actual_Header_Message}</var>
<arg>${Logged_Successfully_Message}</arg>
<doc>Returns the text value of the element identified by ``locator``.</doc>
<msg timestamp="20230729 23:31:44.903" level="INFO">${Actual_Header_Message} = Logged In Successfully</msg>
<status status="PASS" starttime="20230729 23:31:44.883" endtime="20230729 23:31:44.903"/>
</kw>
<kw name="Should Be Equal As Strings" library="BuiltIn">
<arg>${Actual_Header_Message}</arg>
<arg>${Expected_Logged_Successfully_Message}</arg>
<doc>Fails if objects are unequal after converting them to strings.</doc>
<status status="PASS" starttime="20230729 23:31:44.904" endtime="20230729 23:31:44.904"/>
</kw>
<status status="PASS" starttime="20230729 23:31:44.882" endtime="20230729 23:31:44.904"/>
</kw>
<kw name="Close the browser" library="resources" type="TEARDOWN">
<kw name="Close Browser" library="SeleniumLibrary">
<doc>Closes the current browser.</doc>
<status status="PASS" starttime="20230729 23:31:44.905" endtime="20230729 23:31:47.009"/>
</kw>
<status status="PASS" starttime="20230729 23:31:44.904" endtime="20230729 23:31:47.011"/>
</kw>
<doc>Test case 1: Positive LogIn test. Test steps:
1. Open page
2. Type correct username and passwords
3. Click on the submit button
4. Verify the new URL contains practicetestautomation.com/logged-in-successfully/
5. Wait for the message to become visible
6. Verify new page contains expected text: Logged In Successfully</doc>
<status status="PASS" starttime="20230729 23:31:39.655" endtime="20230729 23:31:47.011"/>
</test>
<status status="PASS" starttime="20230729 23:31:39.448" endtime="20230729 23:31:47.014"/>
</suite>
<statistics>
<total>
<stat pass="1" fail="0" skip="0">All Tests</stat>
</total>
<tag>
</tag>
<suite>
<stat pass="1" fail="0" skip="0" id="s1" name="Tc01 Successful Login">Tc01 Successful Login</stat>
</suite>
</statistics>
<errors>
</errors>
</robot>
